<?xml version="1.0" encoding="UTF-8"?>
<testsuite xmlns:xsi="http://www.w3.org/2001/XMLSchema-instance" xsi:schemaLocation="https://maven.apache.org/surefire/maven-surefire-plugin/xsd/surefire-test-report.xsd" name="TestSuite" time="22.117" tests="3" errors="0" skipped="0" failures="0">
  <properties>
[...]
</properties>
  <testcase name="googleTest" classname="bs.grid.tests.BSTest" time="2.201"/>
  <testcase name="googleTest" classname="bs.grid.tests.BSTest" time="4.584"/>
  <testcase name="googleTest" classname="bs.grid.tests.BSTest" time="5.591"/>
</testsuite>